TN:
SF:src\modules\appointments\services\CreateAppointmentService.ts
FN:24,(anonymous_18)
FN:26,CreateAppointmentService
FN:32,(anonymous_20)
FNF:3
FNH:3
FNDA:1,(anonymous_18)
FNDA:2,CreateAppointmentService
FNDA:3,(anonymous_20)
DA:1,1
DA:2,1
DA:4,1
DA:24,1
DA:28,2
DA:32,3
DA:33,3
DA:35,3
DA:38,3
DA:39,1
DA:41,2
DA:45,2
DA:47,1
DA:49,1
LF:14
LH:14
BRDA:38,0,0,1
BRDA:38,0,1,2
BRF:2
BRH:2
end_of_record
TN:
SF:src\modules\users\services\AuthenticateUserService.ts
FN:20,(anonymous_18)
FN:22,AuthenticateUserService
FN:29,(anonymous_20)
FNF:3
FNH:3
FNDA:1,(anonymous_18)
FNDA:3,AuthenticateUserService
FNDA:3,(anonymous_20)
DA:2,1
DA:3,1
DA:6,1
DA:7,1
DA:20,1
DA:24,3
DA:26,3
DA:29,3
DA:30,3
DA:32,3
DA:33,1
DA:37,2
DA:39,2
DA:40,1
DA:43,1
DA:44,1
DA:49,1
DA:54,1
DA:55,1
LF:19
LH:19
BRDA:30,0,0,3
BRDA:32,1,0,1
BRDA:32,1,1,2
BRDA:39,2,0,1
BRDA:39,2,1,1
BRF:5
BRH:5
end_of_record
TN:
SF:src\modules\users\services\CreateUserService.ts
FN:14,(anonymous_18)
FN:16,CreateUserService
FN:23,(anonymous_20)
FNF:3
FNH:3
FNDA:2,(anonymous_18)
FNDA:4,CreateUserService
FNDA:5,(anonymous_20)
DA:2,2
DA:4,2
DA:14,2
DA:18,4
DA:20,4
DA:23,5
DA:24,5
DA:26,5
DA:27,1
DA:29,4
DA:30,4
DA:36,4
DA:38,2
DA:40,2
LF:14
LH:14
BRDA:24,0,0,5
BRDA:26,1,0,1
BRDA:26,1,1,4
BRF:3
BRH:3
end_of_record
TN:
SF:src\modules\users\services\UpdateUserAvatarService.ts
FN:15,(anonymous_18)
FN:17,UpdateUserService
FN:26,(anonymous_20)
FNF:3
FNH:0
FNDA:0,(anonymous_18)
FNDA:0,UpdateUserService
FNDA:0,(anonymous_20)
DA:2,0
DA:3,0
DA:15,0
DA:19,0
DA:22,0
DA:26,0
DA:28,0
DA:30,0
DA:31,0
DA:36,0
DA:37,0
DA:40,0
DA:41,0
DA:42,0
DA:44,0
DA:46,0
DA:48,0
LF:17
LH:0
BRDA:28,0,0,0
BRDA:28,0,1,0
BRDA:30,1,0,0
BRDA:30,1,1,0
BRDA:36,2,0,0
BRDA:36,2,1,0
BRF:6
BRH:0
end_of_record
